<?xml version="1.0" encoding="UTF-8"?>
<!-- Generated by org.testng.reporters.JUnitXMLReporter -->
<testsuite ignored="0" hostname="DESKTOP-LLLGMOJ" failures="0" tests="2" name="Default test" time="43.511" errors="0" timestamp="2023-05-29T20:43:07 IST">
  <testcase classname="orangehrm_testscripts.TestOrangeHrmLogin" name="testWithInvalidData" time="3.904"/>
  <testcase classname="orangehrm_testscripts.TestOrangeHrmLogin" name="testWithValidData" time="2.265"/>
</testsuite> <!-- Default test -->
