<?xml version="1.0" encoding="UTF-8"?>
<testng-results ignored="0" total="3" passed="3" failed="0" skipped="0">
  <reporter-output>
  </reporter-output>
  <suite started-at="2023-05-30T20:50:41 IST" name="Default suite" finished-at="2023-05-30T20:51:13 IST" duration-ms="31804">
    <groups>
      <group name="cucumber">
        <method signature="AbstractTestNGCucumberTests.runScenario(io.cucumber.testng.PickleWrapper, io.cucumber.testng.FeatureWrapper)[pri:0, instance:runner.TestRunner@19bb07ed]" name="runScenario" class="io.cucumber.testng.AbstractTestNGCucumberTests"/>
      </group> <!-- cucumber -->
    </groups>
    <test started-at="2023-05-30T20:50:41 IST" name="Default test" finished-at="2023-05-30T20:51:13 IST" duration-ms="31804">
      <class name="runner.TestRunner">
        <test-method is-config="true" signature="setUpClass()[pri:0, instance:runner.TestRunner@19bb07ed]" started-at="2023-05-30T20:50:41 IST" name="setUpClass" finished-at="2023-05-30T20:50:41 IST" duration-ms="668" status="PASS">
          <reporter-output>
          </reporter-output>
        </test-method> <!-- setUpClass -->
        <test-method signature="runScenario(io.cucumber.testng.PickleWrapper, io.cucumber.testng.FeatureWrapper)[pri:0, instance:runner.TestRunner@19bb07ed]" started-at="2023-05-30T20:50:41 IST" name="runScenario" description="Runs Cucumber Scenarios" data-provider="scenarios" finished-at="2023-05-30T20:50:53 IST" duration-ms="11435" status="PASS">
          <params>
            <param index="0">
              <value>
                <![CDATA["validate acititime login with valid data as admin and manager"]]>
              </value>
            </param>
            <param index="1">
              <value>
                <![CDATA["Optional[Verify actitime login functionality]"]]>
              </value>
            </param>
          </params>
          <reporter-output>
          </reporter-output>
        </test-method> <!-- runScenario -->
        <test-method signature="runScenario(io.cucumber.testng.PickleWrapper, io.cucumber.testng.FeatureWrapper)[pri:0, instance:runner.TestRunner@19bb07ed]" started-at="2023-05-30T20:50:53 IST" name="runScenario" description="Runs Cucumber Scenarios" data-provider="scenarios" finished-at="2023-05-30T20:51:02 IST" duration-ms="9096" status="PASS">
          <params>
            <param index="0">
              <value>
                <![CDATA["validate acititime login with invalid data as Admin and Manager"]]>
              </value>
            </param>
            <param index="1">
              <value>
                <![CDATA["Optional[Verify actitime login functionality]"]]>
              </value>
            </param>
          </params>
          <reporter-output>
          </reporter-output>
        </test-method> <!-- runScenario -->
        <test-method signature="runScenario(io.cucumber.testng.PickleWrapper, io.cucumber.testng.FeatureWrapper)[pri:0, instance:runner.TestRunner@19bb07ed]" started-at="2023-05-30T20:51:02 IST" name="runScenario" description="Runs Cucumber Scenarios" data-provider="scenarios" finished-at="2023-05-30T20:51:10 IST" duration-ms="8431" status="PASS">
          <params>
            <param index="0">
              <value>
                <![CDATA["validate acititime login with invalid data as null and null"]]>
              </value>
            </param>
            <param index="1">
              <value>
                <![CDATA["Optional[Verify actitime login functionality]"]]>
              </value>
            </param>
          </params>
          <reporter-output>
          </reporter-output>
        </test-method> <!-- runScenario -->
        <test-method is-config="true" signature="tearDownClass()[pri:0, instance:runner.TestRunner@19bb07ed]" started-at="2023-05-30T20:51:10 IST" name="tearDownClass" finished-at="2023-05-30T20:51:13 IST" duration-ms="2118" status="PASS">
          <reporter-output>
          </reporter-output>
        </test-method> <!-- tearDownClass -->
      </class> <!-- runner.TestRunner -->
    </test> <!-- Default test -->
  </suite> <!-- Default suite -->
</testng-results>
