<?xml version="1.0" encoding="UTF-8"?>
<testng-results ignored="0" total="2" passed="2" failed="0" skipped="0">
  <reporter-output>
  </reporter-output>
  <suite started-at="2023-05-29T20:42:23 IST" name="Default suite" finished-at="2023-05-29T20:43:07 IST" duration-ms="43511">
    <groups>
    </groups>
    <test started-at="2023-05-29T20:42:23 IST" name="Default test" finished-at="2023-05-29T20:43:07 IST" duration-ms="43511">
      <class name="orangehrm_testscripts.TestOrangeHrmLogin">
        <test-method is-config="true" signature="preCondition()[pri:0, instance:orangehrm_testscripts.TestOrangeHrmLogin@7b9a4292]" started-at="2023-05-29T20:42:23 IST" name="preCondition" finished-at="2023-05-29T20:42:58 IST" duration-ms="34800" status="PASS">
          <reporter-output>
          </reporter-output>
        </test-method> <!-- preCondition -->
        <test-method signature="testWithInvalidData()[pri:0, instance:orangehrm_testscripts.TestOrangeHrmLogin@7b9a4292]" started-at="2023-05-29T20:42:58 IST" name="testWithInvalidData" finished-at="2023-05-29T20:43:02 IST" duration-ms="3904" status="PASS">
          <reporter-output>
          </reporter-output>
        </test-method> <!-- testWithInvalidData -->
        <test-method signature="testWithValidData()[pri:0, instance:orangehrm_testscripts.TestOrangeHrmLogin@7b9a4292]" started-at="2023-05-29T20:43:02 IST" name="testWithValidData" finished-at="2023-05-29T20:43:04 IST" duration-ms="2265" status="PASS">
          <reporter-output>
          </reporter-output>
        </test-method> <!-- testWithValidData -->
        <test-method is-config="true" signature="postCondition()[pri:0, instance:orangehrm_testscripts.TestOrangeHrmLogin@7b9a4292]" started-at="2023-05-29T20:43:04 IST" name="postCondition" finished-at="2023-05-29T20:43:07 IST" duration-ms="2489" status="PASS">
          <reporter-output>
          </reporter-output>
        </test-method> <!-- postCondition -->
      </class> <!-- orangehrm_testscripts.TestOrangeHrmLogin -->
    </test> <!-- Default test -->
  </suite> <!-- Default suite -->
</testng-results>
